<?xml version="1.0" encoding="UTF-8"?>
<!-- Generated by org.testng.reporters.JUnitReportReporter -->
<testsuite skipped="0" hostname="LAPTOP-KFV0PSKR" name="com.Zoopla.TestCases.TestCase1" tests="1" failures="0" timestamp="2020-05-13T16:27:30 IST" time="22.187" errors="0">
  <testcase name="testRun" time="22.187" classname="com.Zoopla.TestCases.TestCase1"/>
</testsuite> <!-- com.Zoopla.TestCases.TestCase1 -->
